[{"line":2,"elements":[{"line":4,"name":"User already logged in into Staging Cicle app","description":"","type":"background","keyword":"Background","steps":[{"result":{"duration":6866099600,"status":"passed"},"line":5,"name":"User already opened Staging Cicle app and click big project team","match":{"location":"stepDef.Chat.userAlreadyOpenedStagingCicleApp()"},"keyword":"Given "},{"result":{"duration":3451861100,"status":"passed"},"line":6,"name":"User click group chat in Team","match":{"location":"stepDef.Chat.userClickGroupChat()"},"keyword":"When "}]},{"start_timestamp":"2023-03-18T05:46:25.089Z","before":[{"result":{"duration":14637702600,"status":"passed"},"match":{"location":"runner.Hooks.setUp()"}}],"line":9,"name":"Send message in group chat with valid data in message field","description":"","id":"group-chat-feature-in-cicle-app;send-message-in-group-chat-with-valid-data-in-message-field","after":[{"result":{"duration":508577100,"status":"passed"},"match":{"location":"runner.Hooks.tearDown()"}}],"type":"scenario","keyword":"Scenario","steps":[{"result":{"duration":10766788900,"status":"passed"},"line":10,"name":"User input data in message field","match":{"location":"stepDef.Chat.userInputDataInMessageField()"},"keyword":"And "},{"result":{"duration":2617071000,"status":"passed"},"line":11,"name":"User click send button","match":{"location":"stepDef.Chat.userClickSendButton()"},"keyword":"And "},{"result":{"duration":3010726600,"status":"passed"},"line":12,"name":"Message is successfully sent and displayed in group chat","match":{"location":"stepDef.Chat.messageIsSuccessfullySentAndDisplayedInGroupChat()"},"keyword":"Then "}],"tags":[{"name":"@GroupChat"},{"name":"@PositiveCase"},{"name":"@done"}]},{"line":4,"name":"User already logged in into Staging Cicle app","description":"","type":"background","keyword":"Background","steps":[{"result":{"duration":6574653300,"status":"passed"},"line":5,"name":"User already opened Staging Cicle app and click big project team","match":{"location":"stepDef.Chat.userAlreadyOpenedStagingCicleApp()"},"keyword":"Given "},{"result":{"duration":3041279100,"status":"passed"},"line":6,"name":"User click group chat in Team","match":{"location":"stepDef.Chat.userClickGroupChat()"},"keyword":"When "}]},{"start_timestamp":"2023-03-18T05:47:07.020Z","before":[{"result":{"duration":12340161500,"status":"passed"},"match":{"location":"runner.Hooks.setUp()"}}],"line":15,"name":"Send or upload video in group chat","description":"","id":"group-chat-feature-in-cicle-app;send-or-upload-video-in-group-chat","after":[{"result":{"duration":682142200,"status":"passed"},"match":{"location":"runner.Hooks.tearDown()"}}],"type":"scenario","keyword":"Scenario","steps":[{"result":{"duration":8786306500,"status":"passed"},"line":16,"name":"User click attach logo","match":{"location":"stepDef.Chat.userClickAttachLogo()"},"keyword":"And "},{"result":{"duration":1261103900,"status":"passed"},"line":17,"name":"User click Document & Video","match":{"location":"stepDef.Chat.userClickDocumentVideo()"},"keyword":"And "},{"result":{"duration":6678852300,"status":"passed"},"line":18,"name":"User choose and click Video","match":{"location":"stepDef.Chat.userChooseAndClickVideo()"},"keyword":"And "},{"result":{"duration":997400,"status":"passed"},"line":19,"name":"Video is successfully sent and displayed in group chat","match":{"location":"stepDef.Chat.videoIsSuccessfullySentAndDisplayedInGroupChat()"},"keyword":"Then "}],"tags":[{"name":"@GroupChat"},{"name":"@PositiveCase"}]},{"line":4,"name":"User already logged in into Staging Cicle app","description":"","type":"background","keyword":"Background","steps":[{"result":{"duration":6455786700,"status":"passed"},"line":5,"name":"User already opened Staging Cicle app and click big project team","match":{"location":"stepDef.Chat.userAlreadyOpenedStagingCicleApp()"},"keyword":"Given "},{"result":{"error_message":"org.openqa.selenium.NoSuchElementException: Can't locate an element by this strategy: By.chained({By.AccessibilityId: Group Chat})\r\n\tat io.appium.java_client.pagefactory.AppiumElementLocator.findElement(AppiumElementLocator.java:126)\r\n\tat io.appium.java_client.pagefactory.interceptors.InterceptorOfASingleElement.intercept(InterceptorOfASingleElement.java:59)\r\n\tat io.appium.java_client.android.AndroidElement$$EnhancerByCGLIB$$b598166c.click(<generated>)\r\n\tat objectPage.BigProjectTeam.clickGroupChat(BigProjectTeam.java:19)\r\n\tat stepDef.Chat.userClickGroupChat(Chat.java:42)\r\n\tat ✽.User click group chat in Team(file:///D:/GIT/BigProjectAppiumJava/src/test/resources/features/Chat.feature:6)\r\nCaused by: org.openqa.selenium.TimeoutException: Expected condition failed: waiting for io.appium.java_client.pagefactory.AppiumElementLocator$WaitingFunction@639aba11 (tried for 1 second(s) with 500 milliseconds interval)\r\n\tat org.openqa.selenium.support.ui.FluentWait.timeoutException(FluentWait.java:304)\r\n\tat org.openqa.selenium.support.ui.FluentWait.until(FluentWait.java:272)\r\n\tat io.appium.java_client.pagefactory.AppiumElementLocator.waitFor(AppiumElementLocator.java:99)\r\n\tat io.appium.java_client.pagefactory.AppiumElementLocator.findElement(AppiumElementLocator.java:119)\r\n\tat io.appium.java_client.pagefactory.interceptors.InterceptorOfASingleElement.intercept(InterceptorOfASingleElement.java:59)\r\n\tat io.appium.java_client.android.AndroidElement$$EnhancerByCGLIB$$b598166c.click(<generated>)\r\n\tat objectPage.BigProjectTeam.clickGroupChat(BigProjectTeam.java:19)\r\n\tat stepDef.Chat.userClickGroupChat(Chat.java:42)\r\n\tat java.base/jdk.internal.reflect.NativeMethodAccessorImpl.invoke0(Native Method)\r\n\tat java.base/jdk.internal.reflect.NativeMethodAccessorImpl.invoke(NativeMethodAccessorImpl.java:62)\r\n\tat java.base/jdk.internal.reflect.DelegatingMethodAccessorImpl.invoke(DelegatingMethodAccessorImpl.java:43)\r\n\tat java.base/java.lang.reflect.Method.invoke(Method.java:566)\r\n\tat io.cucumber.java.Invoker.doInvoke(Invoker.java:66)\r\n\tat io.cucumber.java.Invoker.invoke(Invoker.java:24)\r\n\tat io.cucumber.java.AbstractGlueDefinition.invokeMethod(AbstractGlueDefinition.java:47)\r\n\tat io.cucumber.java.JavaStepDefinition.execute(JavaStepDefinition.java:29)\r\n\tat io.cucumber.core.runner.CoreStepDefinition.execute(CoreStepDefinition.java:66)\r\n\tat io.cucumber.core.runner.PickleStepDefinitionMatch.runStep(PickleStepDefinitionMatch.java:63)\r\n\tat io.cucumber.core.runner.ExecutionMode$1.execute(ExecutionMode.java:10)\r\n\tat io.cucumber.core.runner.TestStep.executeStep(TestStep.java:84)\r\n\tat io.cucumber.core.runner.TestStep.run(TestStep.java:56)\r\n\tat io.cucumber.core.runner.PickleStepTestStep.run(PickleStepTestStep.java:51)\r\n\tat io.cucumber.core.runner.TestCase.run(TestCase.java:84)\r\n\tat io.cucumber.core.runner.Runner.runPickle(Runner.java:75)\r\n\tat io.cucumber.junit.PickleRunners$NoStepDescriptions.lambda$run$0(PickleRunners.java:151)\r\n\tat io.cucumber.core.runtime.CucumberExecutionContext.lambda$runTestCase$5(CucumberExecutionContext.java:130)\r\n\tat io.cucumber.core.runtime.RethrowingThrowableCollector.executeAndThrow(RethrowingThrowableCollector.java:23)\r\n\tat io.cucumber.core.runtime.CucumberExecutionContext.runTestCase(CucumberExecutionContext.java:130)\r\n\tat io.cucumber.junit.PickleRunners$NoStepDescriptions.run(PickleRunners.java:148)\r\n\tat io.cucumber.junit.FeatureRunner.runChild(FeatureRunner.java:144)\r\n\tat io.cucumber.junit.FeatureRunner.runChild(FeatureRunner.java:28)\r\n\tat org.junit.runners.ParentRunner$4.run(ParentRunner.java:331)\r\n\tat org.junit.runners.ParentRunner$1.schedule(ParentRunner.java:79)\r\n\tat org.junit.runners.ParentRunner.runChildren(ParentRunner.java:329)\r\n\tat org.junit.runners.ParentRunner.access$100(ParentRunner.java:66)\r\n\tat org.junit.runners.ParentRunner$2.evaluate(ParentRunner.java:293)\r\n\tat org.junit.runners.ParentRunner$3.evaluate(ParentRunner.java:306)\r\n\tat org.junit.runners.ParentRunner.run(ParentRunner.java:413)\r\n\tat io.cucumber.junit.FeatureRunner.run(FeatureRunner.java:137)\r\n\tat io.cucumber.junit.Cucumber.runChild(Cucumber.java:196)\r\n\tat io.cucumber.junit.Cucumber.runChild(Cucumber.java:89)\r\n\tat org.junit.runners.ParentRunner$4.run(ParentRunner.java:331)\r\n\tat org.junit.runners.ParentRunner$1.schedule(ParentRunner.java:79)\r\n\tat org.junit.runners.ParentRunner.runChildren(ParentRunner.java:329)\r\n\tat org.junit.runners.ParentRunner.access$100(ParentRunner.java:66)\r\n\tat org.junit.runners.ParentRunner$2.evaluate(ParentRunner.java:293)\r\n\tat io.cucumber.junit.Cucumber$RunBeforeAllHooks.evaluate(Cucumber.java:266)\r\n\tat io.cucumber.junit.Cucumber$RunAfterAllHooks.evaluate(Cucumber.java:281)\r\n\tat io.cucumber.junit.Cucumber$StartTestRun.evaluate(Cucumber.java:233)\r\n\tat io.cucumber.junit.Cucumber$FinishTestRun.evaluate(Cucumber.java:248)\r\n\tat org.junit.runners.ParentRunner$3.evaluate(ParentRunner.java:306)\r\n\tat org.junit.runners.ParentRunner.run(ParentRunner.java:413)\r\n\tat org.junit.runner.JUnitCore.run(JUnitCore.java:137)\r\n\tat com.intellij.junit4.JUnit4IdeaTestRunner.startRunnerWithArgs(JUnit4IdeaTestRunner.java:69)\r\n\tat com.intellij.rt.junit.IdeaTestRunner$Repeater$1.execute(IdeaTestRunner.java:38)\r\n\tat com.intellij.rt.execution.junit.TestsRepeater.repeat(TestsRepeater.java:11)\r\n\tat com.intellij.rt.junit.IdeaTestRunner$Repeater.startRunnerWithArgs(IdeaTestRunner.java:35)\r\n\tat com.intellij.rt.junit.JUnitStarter.prepareStreamsAndStart(JUnitStarter.java:235)\r\n\tat com.intellij.rt.junit.JUnitStarter.main(JUnitStarter.java:54)\r\nCaused by: org.openqa.selenium.NoSuchElementException: Cannot locate an element using By.chained({By.AccessibilityId: Group Chat})\nFor documentation on this error, please visit: https://www.seleniumhq.org/exceptions/no_such_element.html\nBuild info: version: '3.141.59', revision: 'e82be7d358', time: '2018-11-14T08:17:03'\nSystem info: host: 'DESKTOP-1IM79LF', ip: '192.168.46.222', os.name: 'Windows 10', os.arch: 'amd64', os.version: '10.0', java.version: '11.0.17'\nDriver info: driver.version: AndroidDriver\r\n\tat io.appium.java_client.pagefactory.bys.builder.ByChained.findElement(ByChained.java:74)\r\n\tat org.openqa.selenium.remote.RemoteWebDriver.findElement(RemoteWebDriver.java:315)\r\n\tat io.appium.java_client.DefaultGenericMobileDriver.findElement(DefaultGenericMobileDriver.java:57)\r\n\tat io.appium.java_client.AppiumDriver.findElement(AppiumDriver.java:1)\r\n\tat io.appium.java_client.android.AndroidDriver.findElement(AndroidDriver.java:1)\r\n\tat io.appium.java_client.pagefactory.bys.ContentMappedBy.findElement(ContentMappedBy.java:50)\r\n\tat org.openqa.selenium.remote.RemoteWebDriver.findElement(RemoteWebDriver.java:315)\r\n\tat io.appium.java_client.DefaultGenericMobileDriver.findElement(DefaultGenericMobileDriver.java:57)\r\n\tat io.appium.java_client.AppiumDriver.findElement(AppiumDriver.java:1)\r\n\tat io.appium.java_client.android.AndroidDriver.findElement(AndroidDriver.java:1)\r\n\tat io.appium.java_client.pagefactory.AppiumElementLocator.lambda$0(AppiumElementLocator.java:120)\r\n\tat io.appium.java_client.pagefactory.AppiumElementLocator$WaitingFunction.apply(AppiumElementLocator.java:172)\r\n\tat io.appium.java_client.pagefactory.AppiumElementLocator$WaitingFunction.apply(AppiumElementLocator.java:1)\r\n\tat org.openqa.selenium.support.ui.FluentWait.until(FluentWait.java:249)\r\n\t... 57 more\r\n","duration":60573751200,"status":"failed"},"line":6,"name":"User click group chat in Team","match":{"location":"stepDef.Chat.userClickGroupChat()"},"keyword":"When "}]},{"start_timestamp":"2023-03-18T05:47:46.400Z","before":[{"result":{"duration":13371057600,"status":"passed"},"match":{"location":"runner.Hooks.setUp()"}}],"line":22,"name":"Send or upload image from camera in group chat","description":"","id":"group-chat-feature-in-cicle-app;send-or-upload-image-from-camera-in-group-chat","after":[{"result":{"duration":72188200,"status":"passed"},"match":{"location":"runner.Hooks.tearDown()"}}],"type":"scenario","keyword":"Scenario","steps":[{"result":{"status":"skipped"},"line":23,"name":"User click attach logo","match":{"location":"stepDef.Chat.userClickAttachLogo()"},"keyword":"And "},{"result":{"status":"skipped"},"line":24,"name":"User click image from camera","match":{"location":"stepDef.Chat.userClickImageFromCamera()"},"keyword":"And "},{"result":{"status":"skipped"},"line":25,"name":"User click shutter camera","match":{"location":"stepDef.Chat.userClickShutterCamera()"},"keyword":"And "},{"result":{"status":"skipped"},"line":26,"name":"User click checklist logo","match":{"location":"stepDef.Chat.userClickChecklistLogo()"},"keyword":"And "},{"result":{"status":"skipped"},"line":27,"name":"Image from camera is successfully sent and displayed in group chat","match":{"location":"stepDef.Chat.imageFromCameraIsSuccessfullySentAndDisplayedInGroupChat()"},"keyword":"Then "}],"tags":[{"name":"@GroupChat"},{"name":"@PositiveCase"}]},{"line":4,"name":"User already logged in into Staging Cicle app","description":"","type":"background","keyword":"Background","steps":[{"result":{"duration":7567242100,"status":"passed"},"line":5,"name":"User already opened Staging Cicle app and click big project team","match":{"location":"stepDef.Chat.userAlreadyOpenedStagingCicleApp()"},"keyword":"Given "},{"result":{"duration":3662799100,"status":"passed"},"line":6,"name":"User click group chat in Team","match":{"location":"stepDef.Chat.userClickGroupChat()"},"keyword":"When "}]},{"start_timestamp":"2023-03-18T05:49:07.118Z","before":[{"result":{"duration":12054733300,"status":"passed"},"match":{"location":"runner.Hooks.setUp()"}}],"line":30,"name":"Send or upload image from gallery in group chat","description":"","id":"group-chat-feature-in-cicle-app;send-or-upload-image-from-gallery-in-group-chat","after":[{"result":{"duration":337029600,"status":"passed"},"match":{"location":"runner.Hooks.tearDown()"}}],"type":"scenario","keyword":"Scenario","steps":[{"result":{"duration":11253799100,"status":"passed"},"line":31,"name":"User click attach logo","match":{"location":"stepDef.Chat.userClickAttachLogo()"},"keyword":"And "},{"result":{"duration":7029161700,"status":"passed"},"line":32,"name":"User click image from gallery","match":{"location":"stepDef.Chat.userClickImageFromGallery()"},"keyword":"And "},{"result":{"duration":5380068600,"status":"passed"},"line":33,"name":"User choose and click image","match":{"location":"stepDef.Chat.userChooseAndClickImage()"},"keyword":"And "},{"result":{"duration":5009318000,"status":"passed"},"line":34,"name":"Image from gallery is successfully sent and displayed in group chat","match":{"location":"stepDef.Chat.imageFromGalleryIsSuccessfullySentAndDisplayedInGroupChat()"},"keyword":"Then "}],"tags":[{"name":"@GroupChat"},{"name":"@PositiveCase"}]},{"line":4,"name":"User already logged in into Staging Cicle app","description":"","type":"background","keyword":"Background","steps":[{"result":{"duration":7985295800,"status":"passed"},"line":5,"name":"User already opened Staging Cicle app and click big project team","match":{"location":"stepDef.Chat.userAlreadyOpenedStagingCicleApp()"},"keyword":"Given "},{"result":{"duration":3433562400,"status":"passed"},"line":6,"name":"User click group chat in Team","match":{"location":"stepDef.Chat.userClickGroupChat()"},"keyword":"When "}]},{"start_timestamp":"2023-03-18T05:49:59.423Z","before":[{"result":{"duration":13304978700,"status":"passed"},"match":{"location":"runner.Hooks.setUp()"}}],"line":37,"name":"Send message and mention all member in group chat with valid data in message field","description":"","id":"group-chat-feature-in-cicle-app;send-message-and-mention-all-member-in-group-chat-with-valid-data-in-message-field","after":[{"result":{"duration":1664334200,"status":"passed"},"match":{"location":"runner.Hooks.tearDown()"}}],"type":"scenario","keyword":"Scenario","steps":[{"result":{"duration":11373449800,"status":"passed"},"line":38,"name":"User click message field","match":{"location":"stepDef.Chat.userClickMessageField()"},"keyword":"And "},{"result":{"duration":4460020800,"status":"passed"},"line":39,"name":"User input data in message field","match":{"location":"stepDef.Chat.userInputDataInMessageField()"},"keyword":"And "},{"result":{"duration":982510400,"status":"passed"},"line":40,"name":"User click @ button","match":{"location":"stepDef.Chat.userClickButton()"},"keyword":"And "},{"result":{"duration":1850141700,"status":"passed"},"line":41,"name":"User click mention all button","match":{"location":"stepDef.Chat.userClickMentionAllButton()"},"keyword":"And "},{"result":{"duration":210018700,"status":"passed"},"line":42,"name":"User click send button","match":{"location":"stepDef.Chat.userClickSendButton()"},"keyword":"And "},{"result":{"status":"passed"},"line":43,"name":"Message is successfully mentioned all sent and displayed in group chat","match":{"location":"stepDef.Chat.messageIsSuccessfullyMentionedAllSentAndDisplayedInGroupChat()"},"keyword":"Then "}],"tags":[{"name":"@GroupChat"},{"name":"@PositiveCase"},{"name":"@done"}]},{"line":4,"name":"User already logged in into Staging Cicle app","description":"","type":"background","keyword":"Background","steps":[{"result":{"error_message":"org.openqa.selenium.NoSuchElementException: Can't locate an element by this strategy: By.chained({By.AccessibilityId: Big Project Team\nThis is for big project only.})\r\n\tat io.appium.java_client.pagefactory.AppiumElementLocator.findElement(AppiumElementLocator.java:126)\r\n\tat io.appium.java_client.pagefactory.interceptors.InterceptorOfASingleElement.intercept(InterceptorOfASingleElement.java:59)\r\n\tat io.appium.java_client.android.AndroidElement$$EnhancerByCGLIB$$b598166c.click(<generated>)\r\n\tat objectPage.CompanyPage.clickBigProjectTeam(CompanyPage.java:19)\r\n\tat stepDef.Chat.userAlreadyOpenedStagingCicleApp(Chat.java:37)\r\n\tat ✽.User already opened Staging Cicle app and click big project team(file:///D:/GIT/BigProjectAppiumJava/src/test/resources/features/Chat.feature:5)\r\nCaused by: org.openqa.selenium.TimeoutException: Expected condition failed: waiting for io.appium.java_client.pagefactory.AppiumElementLocator$WaitingFunction@6325f352 (tried for 1 second(s) with 500 milliseconds interval)\r\n\tat org.openqa.selenium.support.ui.FluentWait.timeoutException(FluentWait.java:304)\r\n\tat org.openqa.selenium.support.ui.FluentWait.until(FluentWait.java:272)\r\n\tat io.appium.java_client.pagefactory.AppiumElementLocator.waitFor(AppiumElementLocator.java:99)\r\n\tat io.appium.java_client.pagefactory.AppiumElementLocator.findElement(AppiumElementLocator.java:119)\r\n\tat io.appium.java_client.pagefactory.interceptors.InterceptorOfASingleElement.intercept(InterceptorOfASingleElement.java:59)\r\n\tat io.appium.java_client.android.AndroidElement$$EnhancerByCGLIB$$b598166c.click(<generated>)\r\n\tat objectPage.CompanyPage.clickBigProjectTeam(CompanyPage.java:19)\r\n\tat stepDef.Chat.userAlreadyOpenedStagingCicleApp(Chat.java:37)\r\n\tat java.base/jdk.internal.reflect.NativeMethodAccessorImpl.invoke0(Native Method)\r\n\tat java.base/jdk.internal.reflect.NativeMethodAccessorImpl.invoke(NativeMethodAccessorImpl.java:62)\r\n\tat java.base/jdk.internal.reflect.DelegatingMethodAccessorImpl.invoke(DelegatingMethodAccessorImpl.java:43)\r\n\tat java.base/java.lang.reflect.Method.invoke(Method.java:566)\r\n\tat io.cucumber.java.Invoker.doInvoke(Invoker.java:66)\r\n\tat io.cucumber.java.Invoker.invoke(Invoker.java:24)\r\n\tat io.cucumber.java.AbstractGlueDefinition.invokeMethod(AbstractGlueDefinition.java:47)\r\n\tat io.cucumber.java.JavaStepDefinition.execute(JavaStepDefinition.java:29)\r\n\tat io.cucumber.core.runner.CoreStepDefinition.execute(CoreStepDefinition.java:66)\r\n\tat io.cucumber.core.runner.PickleStepDefinitionMatch.runStep(PickleStepDefinitionMatch.java:63)\r\n\tat io.cucumber.core.runner.ExecutionMode$1.execute(ExecutionMode.java:10)\r\n\tat io.cucumber.core.runner.TestStep.executeStep(TestStep.java:84)\r\n\tat io.cucumber.core.runner.TestStep.run(TestStep.java:56)\r\n\tat io.cucumber.core.runner.PickleStepTestStep.run(PickleStepTestStep.java:51)\r\n\tat io.cucumber.core.runner.TestCase.run(TestCase.java:84)\r\n\tat io.cucumber.core.runner.Runner.runPickle(Runner.java:75)\r\n\tat io.cucumber.junit.PickleRunners$NoStepDescriptions.lambda$run$0(PickleRunners.java:151)\r\n\tat io.cucumber.core.runtime.CucumberExecutionContext.lambda$runTestCase$5(CucumberExecutionContext.java:130)\r\n\tat io.cucumber.core.runtime.RethrowingThrowableCollector.executeAndThrow(RethrowingThrowableCollector.java:23)\r\n\tat io.cucumber.core.runtime.CucumberExecutionContext.runTestCase(CucumberExecutionContext.java:130)\r\n\tat io.cucumber.junit.PickleRunners$NoStepDescriptions.run(PickleRunners.java:148)\r\n\tat io.cucumber.junit.FeatureRunner.runChild(FeatureRunner.java:144)\r\n\tat io.cucumber.junit.FeatureRunner.runChild(FeatureRunner.java:28)\r\n\tat org.junit.runners.ParentRunner$4.run(ParentRunner.java:331)\r\n\tat org.junit.runners.ParentRunner$1.schedule(ParentRunner.java:79)\r\n\tat org.junit.runners.ParentRunner.runChildren(ParentRunner.java:329)\r\n\tat org.junit.runners.ParentRunner.access$100(ParentRunner.java:66)\r\n\tat org.junit.runners.ParentRunner$2.evaluate(ParentRunner.java:293)\r\n\tat org.junit.runners.ParentRunner$3.evaluate(ParentRunner.java:306)\r\n\tat org.junit.runners.ParentRunner.run(ParentRunner.java:413)\r\n\tat io.cucumber.junit.FeatureRunner.run(FeatureRunner.java:137)\r\n\tat io.cucumber.junit.Cucumber.runChild(Cucumber.java:196)\r\n\tat io.cucumber.junit.Cucumber.runChild(Cucumber.java:89)\r\n\tat org.junit.runners.ParentRunner$4.run(ParentRunner.java:331)\r\n\tat org.junit.runners.ParentRunner$1.schedule(ParentRunner.java:79)\r\n\tat org.junit.runners.ParentRunner.runChildren(ParentRunner.java:329)\r\n\tat org.junit.runners.ParentRunner.access$100(ParentRunner.java:66)\r\n\tat org.junit.runners.ParentRunner$2.evaluate(ParentRunner.java:293)\r\n\tat io.cucumber.junit.Cucumber$RunBeforeAllHooks.evaluate(Cucumber.java:266)\r\n\tat io.cucumber.junit.Cucumber$RunAfterAllHooks.evaluate(Cucumber.java:281)\r\n\tat io.cucumber.junit.Cucumber$StartTestRun.evaluate(Cucumber.java:233)\r\n\tat io.cucumber.junit.Cucumber$FinishTestRun.evaluate(Cucumber.java:248)\r\n\tat org.junit.runners.ParentRunner$3.evaluate(ParentRunner.java:306)\r\n\tat org.junit.runners.ParentRunner.run(ParentRunner.java:413)\r\n\tat org.junit.runner.JUnitCore.run(JUnitCore.java:137)\r\n\tat com.intellij.junit4.JUnit4IdeaTestRunner.startRunnerWithArgs(JUnit4IdeaTestRunner.java:69)\r\n\tat com.intellij.rt.junit.IdeaTestRunner$Repeater$1.execute(IdeaTestRunner.java:38)\r\n\tat com.intellij.rt.execution.junit.TestsRepeater.repeat(TestsRepeater.java:11)\r\n\tat com.intellij.rt.junit.IdeaTestRunner$Repeater.startRunnerWithArgs(IdeaTestRunner.java:35)\r\n\tat com.intellij.rt.junit.JUnitStarter.prepareStreamsAndStart(JUnitStarter.java:235)\r\n\tat com.intellij.rt.junit.JUnitStarter.main(JUnitStarter.java:54)\r\nCaused by: org.openqa.selenium.NoSuchElementException: Cannot locate an element using By.chained({By.AccessibilityId: Big Project Team\nThis is for big project only.})\nFor documentation on this error, please visit: https://www.seleniumhq.org/exceptions/no_such_element.html\nBuild info: version: '3.141.59', revision: 'e82be7d358', time: '2018-11-14T08:17:03'\nSystem info: host: 'DESKTOP-1IM79LF', ip: '192.168.46.222', os.name: 'Windows 10', os.arch: 'amd64', os.version: '10.0', java.version: '11.0.17'\nDriver info: driver.version: AndroidDriver\r\n\tat io.appium.java_client.pagefactory.bys.builder.ByChained.findElement(ByChained.java:74)\r\n\tat org.openqa.selenium.remote.RemoteWebDriver.findElement(RemoteWebDriver.java:315)\r\n\tat io.appium.java_client.DefaultGenericMobileDriver.findElement(DefaultGenericMobileDriver.java:57)\r\n\tat io.appium.java_client.AppiumDriver.findElement(AppiumDriver.java:1)\r\n\tat io.appium.java_client.android.AndroidDriver.findElement(AndroidDriver.java:1)\r\n\tat io.appium.java_client.pagefactory.bys.ContentMappedBy.findElement(ContentMappedBy.java:50)\r\n\tat org.openqa.selenium.remote.RemoteWebDriver.findElement(RemoteWebDriver.java:315)\r\n\tat io.appium.java_client.DefaultGenericMobileDriver.findElement(DefaultGenericMobileDriver.java:57)\r\n\tat io.appium.java_client.AppiumDriver.findElement(AppiumDriver.java:1)\r\n\tat io.appium.java_client.android.AndroidDriver.findElement(AndroidDriver.java:1)\r\n\tat io.appium.java_client.pagefactory.AppiumElementLocator.lambda$0(AppiumElementLocator.java:120)\r\n\tat io.appium.java_client.pagefactory.AppiumElementLocator$WaitingFunction.apply(AppiumElementLocator.java:172)\r\n\tat io.appium.java_client.pagefactory.AppiumElementLocator$WaitingFunction.apply(AppiumElementLocator.java:1)\r\n\tat org.openqa.selenium.support.ui.FluentWait.until(FluentWait.java:249)\r\n\t... 57 more\r\n","duration":60076582200,"status":"failed"},"line":5,"name":"User already opened Staging Cicle app and click big project team","match":{"location":"stepDef.Chat.userAlreadyOpenedStagingCicleApp()"},"keyword":"Given "},{"result":{"status":"skipped"},"line":6,"name":"User click group chat in Team","match":{"location":"stepDef.Chat.userClickGroupChat()"},"keyword":"When "}]},{"start_timestamp":"2023-03-18T05:50:44.697Z","before":[{"result":{"duration":14694470600,"status":"passed"},"match":{"location":"runner.Hooks.setUp()"}}],"line":47,"name":"Send message in group chat with blank data in message field","description":"","id":"group-chat-feature-in-cicle-app;send-message-in-group-chat-with-blank-data-in-message-field","after":[{"result":{"duration":75511300,"status":"passed"},"match":{"location":"runner.Hooks.tearDown()"}}],"type":"scenario","keyword":"Scenario","steps":[{"result":{"status":"skipped"},"line":48,"name":"User input blank data in message field","match":{"location":"stepDef.Chat.userInputBlankDataInMessageField()"},"keyword":"And "},{"result":{"status":"skipped"},"line":49,"name":"User cannot send message and send button is not displayed","match":{"location":"stepDef.Chat.userCannotSendMessageAndSendButtonIsNotDisplayed()"},"keyword":"Then "}],"tags":[{"name":"@GroupChat"},{"name":"@NegativeCase"}]}],"name":"Group Chat Feature in Cicle app","description":"","id":"group-chat-feature-in-cicle-app","keyword":"Feature","uri":"file:src/test/resources/features/Chat.feature","tags":[{"name":"@GroupChat","type":"Tag","location":{"line":1,"column":1}}]}]